900, 801, 901, 800, 701, 1001, 
302, 202, 102, 201, 105, 203, 
909, 809, 810, 710, 808, 609, 709, 
14, 114, 213, 13, 113, 112, 12, 
311, 411, 412, 410, 409, 309, 310, 
5, 104, 103, 3, 4, 
704, 605, 705, 504, 604, 505, 406, 
1005, 1206, 1106, 1006, 1105, 
407, 408, 507, 508, 608, 509, 
414, 415, 315, 515, 214, 512, 514, 
106, 207, 107, 7, 8, 108, 
208, 206, 306, 307, 
513, 613, 612, 712, 614, 713, 
804, 803, 903, 1003, 904, 1004, 
811, 711, 911, 912, 913, 1011, 
600, 402, 401, 500, 501, 400, 301, 
907, 908, 1007, 1008, 1009, 
305, 404, 303, 304, 204, 
714, 715, 815, 813, 814, 
6, 1306, 610, 
707, 606, 706, 806, 
1002, 1102, 1202, 1101, 1200, 1301, 
111, 210, 10, 109, 110, 
503, 603, 902, 602, 
209, 211, 123, 
200, 100, 0, 1, 101, 
805, 807, 906, 
812, 738, 440, 
601, 702, 700, 502, 
9, 15, 18, 
915, 1016, 916, 816, 817, 917, 
313, 320, 121, 
1010, 1111, 1110, 1210, 1211, 
511, 510, 611, 
615, 716, 617, 616, 618, 
905, 1715, 
914, 1014, 1015, 1114, 1013, 1112, 
312, 2039, 1518, 
708, 1302, 1705, 
1000, 1149, 1049, 1148, 
212, 1712, 1811, 
607, 2415, 1916, 
11, 217, 1115, 
2, 4143, 
403, 1501, 1921, 
300, 349, 449, 
314, 116, 216, 316, 215, 
703, 2032, 
405, 724, 
506, 1805, 1806, 
205, 1313, 
802, 2101, 2006, 
910, 1207, 1506, 
308, 1910, 1208, 
413, 728, 528, 
1100, 1201, 1500, 1300, 
725, 625, 624, 525, 723, 523, 
722, 623, 821, 621, 721, 622, 
1019, 1119, 920, 1020, 1120, 1021, 1121, 
417, 418, 518, 416, 517, 516, 
1026, 1025, 1125, 1126, 1225, 1226, 
28, 229, 129, 128, 29, 30, 
424, 323, 324, 425, 423, 524, 
19, 120, 20, 21, 122, 
532, 531, 431, 432, 331, 
1128, 1129, 1029, 1030, 1130, 1229, 1230, 
131, 230, 132, 32, 232, 
527, 427, 428, 327, 426, 
1032, 1133, 1132, 1231, 1131, 1232, 
822, 921, 923, 922, 1022, 
829, 729, 828, 628, 629, 630, 
631, 732, 833, 633, 730, 831, 
226, 326, 227, 127, 126, 225, 
221, 220, 321, 421, 419, 
930, 929, 928, 1028, 1027, 
328, 330, 329, 429, 
832, 731, 931, 933, 
717, 918, 719, 818, 718, 
130, 231, 35, 
526, 726, 827, 826, 825, 926, 
823, 924, 824, 
830, 837, 1947, 
919, 1018, 1017, 1118, 
218, 319, 318, 219, 119, 
317, 420, 
322, 422, 522, 620, 
727, 626, 627, 
1024, 1123, 1122, 1223, 1224, 1124, 
1228, 1327, 1328, 1329, 1530, 
1227, 1427, 1425, 1326, 
224, 125, 24, 25, 124, 
927, 745, 534, 
325, 2833, 
31, 37, 137, 
22, 222, 23, 
1117, 1216, 1217, 1218, 1317, 
1220, 1321, 1320, 1420, 1318, 1319, 
1219, 1414, 1417, 
1031, 1332, 1135, 1331, 
16, 117, 17, 118, 
932, 835, 1035, 934, 
1127, 1726, 1824, 
521, 519, 520, 619, 
530, 529, 430, 
819, 820, 720, 
925, 1426, 1424, 
26, 343, 442, 
115, 2207, 
228, 1342, 1045, 
223, 141, 43, 
27, 535, 632, 
4022, 4122, 4123, 4121, 3923, 4024, 
3713, 3513, 3413, 3414, 3514, 3214, 3412, 
3115, 3114, 3014, 2915, 3016, 3015, 
4416, 4316, 4417, 4515, 4516, 4616, 
3822, 3723, 3722, 3721, 3921, 3821, 
4011, 3911, 4109, 3910, 4009, 4010, 3909, 
4415, 4413, 4414, 4514, 4314, 
3809, 3808, 3907, 3708, 3908, 3807, 
3917, 4017, 4116, 4117, 4115, 4016, 4215, 
3215, 3317, 3316, 3217, 3216, 3315, 
3914, 4013, 4014, 3915, 4114, 4015, 
4216, 4217, 4218, 3916, 
3618, 3617, 3518, 3519, 3619, 3620, 3719, 
4213, 4112, 4211, 4111, 4312, 4411, 
3615, 3716, 3616, 3715, 3814, 3815, 
3717, 3818, 3817, 3816, 
3119, 3020, 3019, 3118, 3018, 3318, 
4313, 4210, 4412, 4212, 4311, 
3712, 3711, 3811, 3611, 3512, 3511, 
4012, 3913, 3912, 3812, 
4119, 4019, 4118, 4219, 4120, 
3418, 3420, 3319, 3419, 3320, 
3517, 3515, 3416, 3417, 3516, 3415, 
3820, 3920, 3819, 3919, 3720, 
3621, 3522, 3421, 3521, 3422, 3520, 
2918, 2919, 2819, 2818, 2917, 
4317, 4418, 4318, 4319, 
3724, 3625, 3626, 3624, 3524, 3425, 
4018, 3918, 3922, 
4315, 4711, 4914, 
4113, 4513, 4410, 
3810, 3710, 3610, 3612, 
3813, 2731, 3727, 
3017, 2916, 2914, 2817, 
4214, 4815, 4715, 
4020, 4322, 4220, 4221, 4222, 
4110, 4206, 4107, 4105, 
3218, 3220, 3121, 3219, 3221, 
3314, 3213, 3312, 3313, 
3613, 4807, 4712, 4611, 
3117, 3110, 3023, 
4021, 4023, 3823, 
3714, 4103, 3802, 
3614, 4400, 4200, 
3718, 4717, 4419, 4519, 
3116, 3600, 2816, 
4303, 4304, 4204, 4203, 4403, 4104, 
4612, 4811, 4812, 4713, 4613, 
4004, 3805, 3804, 3705, 3905, 4005, 
4705, 4606, 4706, 4704, 4805, 4605, 4703, 
4702, 4801, 4802, 4903, 4803, 4902, 4900, 4901, 
4406, 4505, 4306, 4305, 4404, 4106, 
4108, 4308, 4208, 4307, 4508, 
4512, 4509, 4610, 4510, 4511, 
4202, 4302, 4301, 4201, 4101, 4300, 
4603, 4502, 4602, 4504, 4601, 
4408, 4609, 4707, 4608, 
4407, 4607, 4506, 4507, 
4710, 4809, 4709, 4909, 4810, 
3906, 3706, 3607, 3704, 3506, 
4813, 4814, 4913, 4912, 
4804, 4503, 4402, 4604, 
4600, 4700, 4800, 4501, 4500, 
4907, 4906, 4806, 4908, 4808, 
4006, 3806, 3504, 3606, 
4409, 4310, 4209, 4708, 
4007, 3829, 3329, 
4401, 3107, 3208, 
4911, 2144, 2628, 
4309, 3406, 4405, 
4905, 3502, 3403, 
4001, 3902, 4002, 3901, 4000, 3900, 
4008, 3408, 
4701, 3602, 
4714, 4716, 4915, 
4102, 3601, 3701, 
4207, 2019, 2023, 
4910, 4732, 4532, 
4614, 4917, 4916, 
4904, 3303, 
4100, 2903, 3000, 
4205, 3012, 3111, 
4837, 4537, 4738, 4737, 4836, 4637, 
3641, 3741, 3642, 3743, 3643, 3841, 3842, 3742, 
4547, 4448, 4348, 4248, 4347, 4446, 4345, 
4144, 4243, 4041, 4043, 3944, 4044, 4045, 
4540, 4640, 4541, 4441, 4442, 4641, 4542, 
4945, 4845, 4844, 4943, 4944, 4846, 
3444, 3343, 3344, 3144, 3345, 3544, 
4938, 4839, 4838, 4939, 4940, 4841, 
4239, 4140, 4139, 4240, 4339, 4238, 4439, 
4246, 4146, 4244, 4245, 4346, 4247, 
4241, 4242, 4141, 4042, 4341, 4142, 
4747, 4748, 4648, 4647, 4847, 4746, 4645, 
3448, 3447, 3546, 3547, 3548, 3648, 3646, 3647, 
3844, 3945, 3745, 3846, 3947, 
4340, 4638, 4438, 4338, 4538, 
3943, 3941, 3940, 4046, 
4849, 4749, 4949, 4848, 4947, 4948, 
4445, 4443, 4544, 4644, 4444, 4543, 
4840, 4739, 4741, 4740, 
4436, 4435, 4534, 4334, 4336, 4536, 
4546, 4447, 4548, 4349, 
4539, 4440, 4040, 
3445, 3346, 3245, 3146, 3246, 
4937, 4934, 4933, 4935, 4735, 4936, 
4236, 4136, 4135, 4234, 4235, 4335, 
3449, 3549, 3649, 3749, 
3845, 3244, 3241, 
4343, 4039, 4037, 4038, 
3541, 3341, 3440, 3540, 3441, 3442, 3542, 
3942, 3636, 3744, 3836, 
4437, 3529, 3531, 
3347, 3248, 3348, 3349, 
3644, 3539, 3339, 3543, 
4545, 4744, 4646, 4743, 4745, 
4942, 4843, 4842, 4941, 4742, 
4639, 4426, 4524, 
3747, 3849, 3848, 3748, 3847, 
4649, 4449, 4147, 4549, 
3740, 3839, 3738, 3838, 3739, 3840, 
4237, 4137, 4337, 4138, 
3843, 2943, 2644, 
4342, 4344, 4533, 
3645, 3446, 3545, 
4636, 4535, 4634, 4635, 
3443, 3044, 3342, 3242, 
3746, 2446, 1549, 
4048, 4049, 4148, 4249, 4149, 
3949, 4047, 3946, 3948, 
4642, 4631, 
4736, 4734, 4833, 4834, 4835, 
3640, 3737, 3637, 3638, 3736, 
4145, 3935, 
4946, 2346, 
4643, 4730, 4929, 
3634, 3733, 3632, 3533, 3532, 3633, 3432, 
3334, 3433, 3333, 3234, 3233, 3332, 
4134, 4133, 4033, 4132, 4032, 3833, 4034, 
3831, 3731, 3830, 3930, 3931, 3832, 3932, 
3528, 3428, 3427, 3526, 3627, 3527, 
3924, 3925, 3825, 3826, 3824, 3725, 
3229, 3129, 3130, 3029, 3128, 2829, 
3031, 2932, 2931, 3030, 3032, 3131, 
3538, 3338, 3437, 3536, 3537, 3438, 
3330, 3429, 3230, 3331, 3430, 
3726, 3828, 3728, 3928, 3827, 
3635, 3534, 3337, 3237, 
4030, 4130, 4129, 4229, 4131, 4028, 
3732, 3631, 3729, 3730, 3530, 
3436, 3435, 3335, 3434, 3535, 
3927, 4127, 4027, 4126, 4026, 
4035, 3936, 4036, 3937, 
3929, 4029, 4627, 
3926, 3126, 3227, 
3834, 3734, 3835, 3933, 3934, 
3628, 4618, 4615, 
3231, 3232, 3132, 
3837, 3039, 3037, 
3327, 3226, 3426, 3325, 3326, 
3328, 3127, 2826, 
4025, 4225, 4125, 4226, 
3629, 2924, 2215, 
3133, 3034, 3033, 3035, 3134, 
3639, 3140, 3340, 3439, 
3431, 2630, 2134, 
3630, 1449, 1338, 
3939, 4434, 
3735, 2843, 2840, 
4124, 4324, 4224, 4425, 
3938, 2832, 4823, 
3228, 2830, 2928, 2930, 
3106, 3206, 3205, 3105, 3104, 3204, 
2801, 2804, 2701, 2800, 2601, 2700, 
3800, 3702, 3801, 3700, 
2909, 3008, 3009, 3109, 3010, 3011, 
2902, 3101, 3001, 3102, 3201, 3003, 3100, 
3505, 3405, 3404, 3604, 3503, 
3510, 3409, 3210, 3310, 3410, 3411, 3311, 
3006, 2907, 2906, 2805, 2905, 3005, 3007, 
3305, 3307, 3507, 3508, 
3703, 3603, 3904, 3803, 
3400, 3500, 3301, 3401, 3302, 3402, 3501, 
2802, 2702, 2703, 2602, 2803, 
2908, 2809, 2807, 2808, 2708, 
2901, 2904, 3002, 
3209, 3308, 3108, 3211, 
3200, 3148, 3049, 3249, 
3207, 3407, 3306, 
3608, 3709, 3509, 3609, 
3304, 1012, 
2900, 2503, 2403, 
3309, 2913, 2609, 
3004, 2614, 2713, 
3103, 3203, 3202, 
3707, 2611, 1711, 
3212, 2511, 2612, 
3903, 2619, 
3605, 2513, 
3300, 4922, 
3013, 2912, 2812, 2813, 
3113, 2117, 1626, 2214, 
3112, 2810, 2910, 
4003, 1901, 
2128, 2127, 2228, 2027, 2328, 2227, 
2421, 2521, 2522, 2621, 2721, 2221, 
2428, 2329, 2429, 2528, 2430, 2529, 
2824, 2823, 2923, 2822, 2922, 3022, 
2230, 2131, 2231, 2229, 2130, 2129, 2030, 
3523, 3223, 3623, 3323, 3222, 
2235, 2236, 2135, 2136, 1936, 2035, 
2531, 2532, 2432, 2433, 2332, 2431, 
2927, 2827, 3027, 2727, 3026, 
2325, 2223, 2324, 2423, 2323, 2424, 2224, 
2920, 2821, 2921, 3120, 3021, 
2322, 2321, 2320, 2317, 2319, 
2626, 2625, 2725, 2526, 2627, 2427, 
2728, 2926, 2729, 2730, 
3124, 3125, 3224, 3024, 3025, 3225, 
2422, 2417, 2318, 2420, 2518, 
2825, 2726, 2722, 2724, 
2222, 2022, 2123, 2121, 2122, 
2232, 2033, 2133, 2233, 2234, 2333, 
2530, 2629, 2831, 2631, 
3028, 2716, 2715, 
3322, 3423, 3424, 3324, 
2720, 2620, 2719, 2718, 2520, 
2632, 2733, 2633, 2634, 2635, 2735, 
3525, 4523, 4423, 
2925, 2523, 3123, 
2327, 2426, 2226, 2326, 
2622, 2623, 2624, 2723, 2524, 
3321, 2714, 
2828, 2737, 2649, 
2527, 937, 
3622, 4321, 4422, 
2034, 1934, 1935, 1834, 1933, 
2534, 2435, 2535, 2434, 2533, 
2425, 2125, 2225, 
2820, 1323, 1339, 
3122, 2933, 3135, 
2132, 1932, 1734, 
2525, 1929, 1928, 
2929, 2547, 
2331, 1334, 1538, 
2732, 2734, 2934, 
2335, 2437, 2336, 2337, 2237, 2238, 
2330, 2137, 1938, 
2031, 1931, 1831, 1832, 
2334, 2244, 2044, 
4623, 4722, 4622, 4721, 4621, 4720, 
4630, 4629, 4729, 4930, 4829, 4830, 
4633, 4733, 4632, 4731, 
4526, 4527, 4427, 4525, 4626, 4726, 
4725, 4724, 4824, 4825, 4924, 4925, 
4821, 4819, 4820, 4920, 4921, 4822, 
4227, 4228, 4327, 4328, 4528, 4428, 
4333, 4332, 4232, 4331, 4432, 
4320, 4520, 4420, 4421, 
4620, 4719, 4619, 
4518, 4617, 4517, 4718, 
4831, 4828, 4931, 4932, 
4927, 4827, 4928, 4826, 4926, 
4325, 4424, 4624, 
4330, 4430, 4231, 4329, 4429, 
4323, 4128, 
4832, 840, 
4031, 4233, 
4628, 4728, 4529, 
4531, 4431, 4433, 
4727, 3139, 
4223, 335, 
4816, 4817, 4818, 
4230, 2944, 
4919, 4918, 
4530, 2409, 
4723, 1836, 
4522, 2639, 
4326, 2749, 
4521, 1325, 
4625, 
4923, 
1647, 1746, 1646, 1547, 1645, 1546, 1446, 
1638, 1637, 1537, 1536, 1436, 1636, 
1241, 1341, 1242, 1240, 1340, 1141, 
1438, 1639, 1441, 1539, 1540, 1439, 
1737, 1837, 1738, 1838, 1739, 
1349, 1448, 1249, 1248, 1347, 1348, 
946, 947, 1046, 746, 846, 945, 1145, 
1335, 1136, 1235, 1236, 1237, 1336, 
1533, 1433, 1434, 1435, 1633, 1534, 1535, 
1841, 1941, 1840, 1939, 2040, 1940, 
1147, 1247, 1244, 1444, 1345, 
1641, 1742, 1642, 1442, 1542, 1443, 1643, 
1632, 1732, 1731, 1631, 1531, 1532, 
949, 848, 747, 749, 1048, 
1233, 1333, 1432, 
935, 836, 736, 936, 
1735, 1736, 1835, 1635, 
1937, 2340, 2438, 2439, 
1038, 1037, 1040, 938, 1039, 1137, 
1541, 1640, 1440, 1741, 
1033, 1034, 834, 
1833, 1730, 1930, 
1431, 1430, 1528, 1429, 
1146, 1144, 1346, 1245, 
1139, 1138, 1140, 1337, 
948, 148, 849, 748, 
1243, 1143, 1343, 1142, 
1234, 735, 737, 
1447, 2145, 2347, 
1839, 1743, 
1634, 2441, 2240, 
1740, 2038, 2036, 
1437, 2444, 2245, 
1733, 1729, 1523, 
1036, 635, 547, 
1543, 1644, 1544, 1545, 
1047, 847, 940, 
1548, 1648, 1944, 1745, 
1246, 1846, 1344, 
1445, 1041, 
1044, 943, 844, 944, 843, 1043, 845, 
1238, 1042, 644, 
2037, 2141, 2138, 
1134, 634, 434, 734, 
1239, 1623, 1423, 
1649, 1749, 1747, 1849, 1748, 
2549, 2648, 2548, 2448, 
2937, 2936, 2736, 2836, 2837, 2835, 2935, 
2146, 2047, 2148, 1949, 2048, 2147, 2046, 
2645, 2745, 2646, 2746, 2744, 2845, 
2948, 2947, 2946, 2848, 2748, 2847, 
1744, 1845, 2043, 1843, 
3042, 3043, 2942, 3142, 3041, 
3045, 3046, 3047, 3048, 3147, 
1943, 2042, 1842, 1942, 
1948, 1848, 1946, 1847, 
3136, 3137, 3036, 3236, 
3243, 3145, 2945, 
2839, 2938, 2838, 2939, 3038, 
2538, 2539, 2537, 2339, 2338, 
2642, 2742, 2542, 2442, 2641, 2643, 
2241, 2242, 2142, 2243, 2341, 2342, 
3149, 2949, 2849, 
2445, 2545, 2344, 2544, 2443, 2543, 
2841, 2940, 2941, 2842, 2741, 
3235, 3336, 
2546, 2647, 2447, 
2246, 2248, 2149, 
2747, 2846, 
3040, 3240, 3238, 3239, 
1844, 2210, 
1945, 1817, 
3138, 2020, 3143, 
2536, 2636, 2436, 
2143, 2343, 
2638, 2739, 2640, 
2247, 2348, 2249, 
2440, 2540, 2740, 2541, 
2844, 2311, 
2834, 1607, 
2041, 2140, 2139, 
2239, 545, 744, 
2738, 2637, 
3247, 942, 
3141, 
2049, 1900, 2000, 
2743, 2126, 
2345, 
2449, 2300, 2400, 
2349, 134, 
2045, 1513, 
1629, 1628, 1728, 1828, 1630, 
1620, 1621, 1521, 1520, 1619, 1720, 
1723, 1624, 1722, 1622, 1821, 1822, 
1827, 1727, 1825, 1826, 1725, 
2024, 1925, 2026, 2025, 
1525, 1625, 1524, 1724, 
1923, 1823, 1924, 1922, 
1721, 1719, 1819, 1820, 1919, 
1830, 2112, 2312, 
1421, 1322, 1422, 1522, 
1428, 1527, 1529, 
1324, 1023, 1222, 
2028, 2029, 2124, 
1330, 45, 
1526, 1627, 
1221, 1512, 
1927, 332, 333, 
1829, 2516, 2416, 
1926, 2111, 
2414, 2413, 2313, 2314, 2514, 2315, 
2212, 2113, 2412, 2213, 
2217, 2118, 2216, 2115, 2116, 2016, 
1920, 2018, 1918, 
2606, 2506, 2605, 2704, 2505, 2504, 2603, 
2608, 2509, 2410, 2508, 2408, 2507, 
2017, 1818, 1816, 1716, 
2709, 2610, 2710, 2510, 
2707, 2706, 2705, 2806, 
2109, 2009, 2010, 2011, 2012, 2110, 
2811, 2512, 2712, 2613, 
2310, 2209, 2211, 2308, 2309, 
2607, 2306, 2304, 
2616, 2617, 2618, 2717, 2517, 
2519, 2419, 2418, 
1917, 1717, 1617, 
2615, 2107, 2307, 
2316, 1915, 
2711, 2911, 
2114, 1914, 2013, 2014, 1912, 1813, 
2814, 1305, 
2208, 2008, 2108, 
2220, 2219, 2120, 2021, 
2411, 1904, 1906, 
2815, 2015, 
2218, 2501, 2105, 
2515, 546, 
2119, 1713, 
2407, 2305, 2405, 2406, 
1611, 1610, 1510, 1511, 1411, 
1412, 1213, 1312, 1212, 1113, 1214, 
1215, 1316, 1415, 1116, 1315, 
1516, 1515, 1616, 1416, 1517, 
1612, 1514, 1314, 1413, 
1909, 1808, 1809, 1810, 1907, 1908, 
1410, 1409, 1309, 1308, 1408, 1509, 
1519, 1618, 1418, 1419, 
1311, 435, 
1613, 1714, 1913, 1812, 
1310, 1209, 1609, 
1614, 1815, 1814, 1615, 
1911, 1603, 2102, 
1718, 2500, 
1710, 1708, 1608, 1709, 
436, 336, 236, 136, 337, 138, 
140, 339, 239, 238, 240, 340, 439, 
838, 739, 640, 639, 539, 638, 
133, 34, 36, 33, 
245, 346, 347, 246, 345, 445, 344, 
541, 441, 641, 642, 542, 643, 
249, 448, 348, 648, 548, 549, 
645, 647, 649, 
636, 537, 538, 637, 536, 
44, 143, 144, 145, 146, 
341, 142, 242, 243, 241, 342, 
742, 741, 841, 443, 941, 
49, 48, 149, 
437, 338, 237, 
147, 47, 248, 247, 
444, 544, 446, 
839, 740, 
540, 733, 
438, 543, 
139, 38, 40, 39, 
234, 235, 233, 433, 334, 
46, 244, 
447, 
842, 939, 
646, 743, 
41, 42, 
135, 
533, 
1602, 1802, 1702, 1701, 1803, 1703, 
2004, 2003, 2002, 1903, 1902, 
1402, 1502, 1403, 1303, 1404, 1503, 
1405, 1505, 1205, 1504, 1304, 
1103, 1203, 1104, 1204, 
2100, 2201, 2200, 2001, 
1804, 1604, 1704, 
2401, 2402, 2404, 2600, 
2204, 2203, 2202, 2301, 2302, 2303, 
2502, 
2005, 2106, 2104, 2205, 
1700, 1600, 1801, 1800, 
2604, 2103, 
1400, 1401, 
1707, 1606, 1706, 1605, 
1507, 1307, 1406, 1407, 
2007, 1807, 
1905, 
1109, 1107, 1108, 
2206, 
1601, 
1508, 
